This file contains any messages produced by compilers while
running configure, to aid debugging if configure makes a mistake.

It was created by pmbw configure 0.6.2, which was
generated by GNU Autoconf 2.69.  Invocation command line was

  $ ./configure CC=/usr/local/bin/gcc-9

## --------- ##
## Platform. ##
## --------- ##

hostname = MacBook-Pro-Gadel.local
uname -m = x86_64
uname -r = 19.4.0
uname -s = Darwin
uname -v = Darwin Kernel Version 19.4.0: Wed Mar  4 22:28:40 PST 2020; root:xnu-6153.101.6~15/RELEASE_X86_64

/usr/bin/uname -p = i386
/bin/uname -X     = unknown

/bin/arch              = unknown
/usr/bin/arch -k       = unknown
/usr/convex/getsysinfo = unknown
/usr/bin/hostinfo      = Mach kernel version:
	 Darwin Kernel Version 19.4.0: Wed Mar  4 22:28:40 PST 2020; root:xnu-6153.101.6~15/RELEASE_X86_64
Kernel configured for up to 4 processors.
2 processors are physically available.
4 processors are logically available.
Processor type: x86_64h (Intel x86-64h Haswell)
Processors active: 0 1 2 3
Primary memory available: 8.00 gigabytes
Default processor set: 495 tasks, 2025 threads, 4 processors
Load average: 1.56, Mach factor: 2.45
/bin/machine           = unknown
/usr/bin/oslevel       = unknown
/bin/universe          = unknown

PATH: /usr/local/bin
PATH: /usr/bin
PATH: /bin
PATH: /usr/sbin
PATH: /sbin


## ----------- ##
## Core tests. ##
## ----------- ##

configure:1883: checking build system type
configure:1897: result: x86_64-apple-darwin19.4.0
configure:1917: checking host system type
configure:1930: result: x86_64-apple-darwin19.4.0
configure:1950: checking target system type
configure:1963: result: x86_64-apple-darwin19.4.0
configure:2006: checking for a BSD-compatible install
configure:2074: result: /usr/bin/install -c
configure:2085: checking whether build environment is sane
configure:2140: result: yes
configure:2291: checking for a thread-safe mkdir -p
configure:2330: result: acscripts/install-sh -c -d
configure:2337: checking for gawk
configure:2367: result: no
configure:2337: checking for mawk
configure:2367: result: no
configure:2337: checking for nawk
configure:2367: result: no
configure:2337: checking for awk
configure:2353: found /usr/bin/awk
configure:2364: result: awk
configure:2375: checking whether make sets $(MAKE)
configure:2397: result: yes
configure:2484: checking whether to enable maintainer-specific portions of Makefiles
configure:2493: result: no
configure:2509: checking building for Windows
configure:2519: result: no
configure:2594: checking for g++
configure:2610: found /usr/bin/g++
configure:2621: result: g++
configure:2648: checking for C++ compiler version
configure:2657: g++ --version >&5
Apple clang version 11.0.3 (clang-1103.0.32.29)
Target: x86_64-apple-darwin19.4.0
Thread model: posix
InstalledDir: /Library/Developer/CommandLineTools/usr/bin
Configured with: --prefix=/Library/Developer/CommandLineTools/usr --with-gxx-include-dir=/Library/Developer/CommandLineTools/SDKs/MacOSX.sdk/usr/include/c++/4.2.1
configure:2668: $? = 0
configure:2657: g++ -v >&5
Configured with: --prefix=/Library/Developer/CommandLineTools/usr --with-gxx-include-dir=/Library/Developer/CommandLineTools/SDKs/MacOSX.sdk/usr/include/c++/4.2.1
Apple clang version 11.0.3 (clang-1103.0.32.29)
Target: x86_64-apple-darwin19.4.0
Thread model: posix
InstalledDir: /Library/Developer/CommandLineTools/usr/bin
configure:2668: $? = 0
configure:2657: g++ -V >&5
clang: error: unsupported option '-V -Wno-objc-signed-char-bool-implicit-int-conversion'
clang: error: no input files
configure:2668: $? = 1
configure:2657: g++ -qversion >&5
clang: error: unknown argument '-qversion'; did you mean '--version'?
clang: error: no input files
configure:2668: $? = 1
configure:2688: checking whether the C++ compiler works
configure:2710: g++ -g -O2   conftest.cpp  >&5
configure:2714: $? = 0
configure:2762: result: yes
configure:2765: checking for C++ compiler default output file name
configure:2767: result: a.out
configure:2773: checking for suffix of executables
configure:2780: g++ -o conftest -g -O2   conftest.cpp  >&5
configure:2784: $? = 0
configure:2806: result: 
configure:2828: checking whether we are cross compiling
configure:2836: g++ -o conftest -g -O2   conftest.cpp  >&5
configure:2840: $? = 0
configure:2847: ./conftest
configure:2851: $? = 0
configure:2866: result: no
configure:2871: checking for suffix of object files
configure:2893: g++ -c -g -O2  conftest.cpp >&5
configure:2897: $? = 0
configure:2918: result: o
configure:2922: checking whether we are using the GNU C++ compiler
configure:2941: g++ -c -g -O2  conftest.cpp >&5
configure:2941: $? = 0
configure:2950: result: yes
configure:2959: checking whether g++ accepts -g
configure:2979: g++ -c -g  conftest.cpp >&5
configure:2979: $? = 0
configure:3020: result: yes
configure:3054: checking for style of include used by make
configure:3082: result: GNU
configure:3108: checking dependency style of g++
configure:3219: result: gcc3
configure:3245: checking whether g++ supports -march=x86-64
configure:3259: g++ -c -g -O2 -march=x86-64  conftest.cpp >&5
configure:3259: $? = 0
configure:3260: result: yes
configure:3271: checking for pthread_mutex_init in -lpthread
configure:3296: g++ -o conftest -g -O2 -march=x86-64   conftest.cpp -lpthread   >&5
configure:3296: $? = 0
configure:3305: result: yes
configure:3317: checking for clock_gettime in -lrt
configure:3342: g++ -o conftest -g -O2 -march=x86-64   conftest.cpp -lrt   -lpthread >&5
ld: library not found for -lrt
clang: error: linker command failed with exit code 1 (use -v to see invocation)
configure:3342: $? = 1
configure: failed program was:
| /* confdefs.h */
| #define PACKAGE_NAME "pmbw"
| #define PACKAGE_TARNAME "pmbw"
| #define PACKAGE_VERSION "0.6.2"
| #define PACKAGE_STRING "pmbw 0.6.2"
| #define PACKAGE_BUGREPORT ""
| #define PACKAGE_URL ""
| #define PACKAGE "pmbw"
| #define VERSION "0.6.2"
| #define ON_WINDOWS false
| /* end confdefs.h.  */
| 
| /* Override any GCC internal prototype to avoid an error.
|    Use char because int might match the return type of a GCC
|    builtin and then its argument prototype would still apply.  */
| #ifdef __cplusplus
| extern "C"
| #endif
| char clock_gettime ();
| int
| main ()
| {
| return clock_gettime ();
|   ;
|   return 0;
| }
configure:3351: result: no
configure:3356: error: rt library needed!

## ---------------- ##
## Cache variables. ##
## ---------------- ##

ac_cv_build=x86_64-apple-darwin19.4.0
ac_cv_cxx_compiler_gnu=yes
ac_cv_env_CCC_set=
ac_cv_env_CCC_value=
ac_cv_env_CPPFLAGS_set=
ac_cv_env_CPPFLAGS_value=
ac_cv_env_CXXFLAGS_set=
ac_cv_env_CXXFLAGS_value=
ac_cv_env_CXX_set=
ac_cv_env_CXX_value=
ac_cv_env_LDFLAGS_set=
ac_cv_env_LDFLAGS_value=
ac_cv_env_LIBS_set=
ac_cv_env_LIBS_value=
ac_cv_env_build_alias_set=
ac_cv_env_build_alias_value=
ac_cv_env_host_alias_set=
ac_cv_env_host_alias_value=
ac_cv_env_target_alias_set=
ac_cv_env_target_alias_value=
ac_cv_host=x86_64-apple-darwin19.4.0
ac_cv_lib_pthread_pthread_mutex_init=yes
ac_cv_lib_rt_clock_gettime=no
ac_cv_objext=o
ac_cv_path_install='/usr/bin/install -c'
ac_cv_prog_AWK=awk
ac_cv_prog_ac_ct_CXX=g++
ac_cv_prog_cxx_g=yes
ac_cv_prog_make_make_set=yes
ac_cv_target=x86_64-apple-darwin19.4.0
am_cv_CXX_dependencies_compiler_type=gcc3

## ----------------- ##
## Output variables. ##
## ----------------- ##

ACLOCAL='${SHELL} /Users/gadelzakirov/Documents/lom2/lomonosov2_cache/pmbw-0.6.2/acscripts/missing --run aclocal-1.12'
AMDEPBACKSLASH='\'
AMDEP_FALSE='#'
AMDEP_TRUE=''
AMTAR='$${TAR-tar}'
AUTOCONF='${SHELL} /Users/gadelzakirov/Documents/lom2/lomonosov2_cache/pmbw-0.6.2/acscripts/missing --run autoconf'
AUTOHEADER='${SHELL} /Users/gadelzakirov/Documents/lom2/lomonosov2_cache/pmbw-0.6.2/acscripts/missing --run autoheader'
AUTOMAKE='${SHELL} /Users/gadelzakirov/Documents/lom2/lomonosov2_cache/pmbw-0.6.2/acscripts/missing --run automake-1.12'
AWK='awk'
CPPFLAGS=''
CXX='g++'
CXXDEPMODE='depmode=gcc3'
CXXFLAGS='-g -O2 -march=x86-64'
CYGPATH_W='echo'
DEFS=''
DEPDIR='.deps'
ECHO_C='\c'
ECHO_N=''
ECHO_T=''
EXEEXT=''
INSTALL_DATA='${INSTALL} -m 644'
INSTALL_PROGRAM='${INSTALL}'
INSTALL_SCRIPT='${INSTALL}'
INSTALL_STRIP_PROGRAM='$(install_sh) -c -s'
LDFLAGS=''
LIBOBJS=''
LIBS=' -lpthread'
LTLIBOBJS=''
MAINT='#'
MAINTAINER_MODE_FALSE=''
MAINTAINER_MODE_TRUE='#'
MAKEINFO='${SHELL} /Users/gadelzakirov/Documents/lom2/lomonosov2_cache/pmbw-0.6.2/acscripts/missing --run makeinfo'
MKDIR_P='acscripts/install-sh -c -d'
OBJEXT='o'
PACKAGE='pmbw'
PACKAGE_BUGREPORT=''
PACKAGE_NAME='pmbw'
PACKAGE_STRING='pmbw 0.6.2'
PACKAGE_TARNAME='pmbw'
PACKAGE_URL=''
PACKAGE_VERSION='0.6.2'
PATH_SEPARATOR=':'
SET_MAKE=''
SHELL='/bin/sh'
STRIP=''
VERSION='0.6.2'
ac_ct_CXX='g++'
am__EXEEXT_FALSE=''
am__EXEEXT_TRUE=''
am__fastdepCXX_FALSE='#'
am__fastdepCXX_TRUE=''
am__include='include'
am__isrc=''
am__leading_dot='.'
am__nodep='_no'
am__quote=''
am__tar='$${TAR-tar} chof - "$$tardir"'
am__untar='$${TAR-tar} xf -'
bindir='${exec_prefix}/bin'
build='x86_64-apple-darwin19.4.0'
build_alias=''
build_cpu='x86_64'
build_os='darwin19.4.0'
build_vendor='apple'
datadir='${datarootdir}'
datarootdir='${prefix}/share'
docdir='${datarootdir}/doc/${PACKAGE_TARNAME}'
dvidir='${docdir}'
exec_prefix='NONE'
host='x86_64-apple-darwin19.4.0'
host_alias=''
host_cpu='x86_64'
host_os='darwin19.4.0'
host_vendor='apple'
htmldir='${docdir}'
includedir='${prefix}/include'
infodir='${datarootdir}/info'
install_sh='${SHELL} /Users/gadelzakirov/Documents/lom2/lomonosov2_cache/pmbw-0.6.2/acscripts/install-sh'
libdir='${exec_prefix}/lib'
libexecdir='${exec_prefix}/libexec'
localedir='${datarootdir}/locale'
localstatedir='${prefix}/var'
mandir='${datarootdir}/man'
mkdir_p='$(MKDIR_P)'
oldincludedir='/usr/include'
pdfdir='${docdir}'
prefix='NONE'
program_transform_name='s,x,x,'
psdir='${docdir}'
sbindir='${exec_prefix}/sbin'
sharedstatedir='${prefix}/com'
sysconfdir='${prefix}/etc'
target='x86_64-apple-darwin19.4.0'
target_alias=''
target_cpu='x86_64'
target_os='darwin19.4.0'
target_vendor='apple'

## ----------- ##
## confdefs.h. ##
## ----------- ##

/* confdefs.h */
#define PACKAGE_NAME "pmbw"
#define PACKAGE_TARNAME "pmbw"
#define PACKAGE_VERSION "0.6.2"
#define PACKAGE_STRING "pmbw 0.6.2"
#define PACKAGE_BUGREPORT ""
#define PACKAGE_URL ""
#define PACKAGE "pmbw"
#define VERSION "0.6.2"
#define ON_WINDOWS false

configure: exit 1
